Command line:
   E_Stage_isim_beh.exe
     -simmode  gui
     -simrunnum  0
     -socket  56252

Wed Jul 24 16:46:47 2019


 Elaboration Time: 0.03125 sec

 Current Memory Usage: 5177.34 Meg

 Total Signals          : 13
 Total Nets             : 45
 Total Signal Drivers   : 6
 Total Blocks           : 3
 Total Primitive Blocks : 2
 Total Processes        : 9
 Total Traceable Variables  : 20
 Total Scalar Nets and Variables : 189
Total Line Count : 24

 Total Simulation Time: 0.078125 sec

 Current Memory Usage: 4705.48 Meg

Wed Jul 24 19:35:43 2019

