Running: C:\Xilinx\14.7\ISE_DS\ISE\bin\nt64\unwrapped\fuse.exe -intstyle ise -incremental -lib unisims_ver -lib unimacro_ver -lib xilinxcorelib_ver -o C:/Users/Mujiangtao/Desktop/computer_science/singcircle/mips_tb_isim_beh.exe -prj C:/Users/Mujiangtao/Desktop/computer_science/singcircle/mips_tb_beh.prj work.mips_tb work.glbl 
ISim P.20131013 (signature 0x7708f090)
Number of CPUs detected in this system: 8
Turning on mult-threading, number of parallel sub-compilation jobs: 16 
Determining compilation order of HDL files
Analyzing Verilog file "C:/Users/Mujiangtao/Desktop/computer_science/singcircle/MUX.v" into library work
Analyzing Verilog file "C:/Users/Mujiangtao/Desktop/computer_science/singcircle/IFU.v" into library work
Analyzing Verilog file "C:/Users/Mujiangtao/Desktop/computer_science/singcircle/GRF.v" into library work
Analyzing Verilog file "C:/Users/Mujiangtao/Desktop/computer_science/singcircle/EXT.v" into library work
Analyzing Verilog file "C:/Users/Mujiangtao/Desktop/computer_science/singcircle/DM.v" into library work
Analyzing Verilog file "C:/Users/Mujiangtao/Desktop/computer_science/singcircle/controll.v" into library work
Analyzing Verilog file "C:/Users/Mujiangtao/Desktop/computer_science/singcircle/ALU.v" into library work
Analyzing Verilog file "C:/Users/Mujiangtao/Desktop/computer_science/singcircle/mips.v" into library work
Analyzing Verilog file "C:/Users/Mujiangtao/Desktop/computer_science/singcircle/mips_tb.v" into library work
Analyzing Verilog file "C:/Xilinx/14.7/ISE_DS/ISE//verilog/src/glbl.v" into library work
Starting static elaboration
Completed static elaboration
Compiling module IFU
Compiling module GRF
Compiling module ALU
Compiling module DM
Compiling module controll
Compiling module EXT
Compiling module MUX_PC
Compiling module MUX_WG
Compiling module MUX_WD
Compiling module MUX_ALUIN2
Compiling module mips
Compiling module mips_tb
Compiling module glbl
Time Resolution for simulation is 1ps.
Waiting for 1 sub-compilation(s) to finish...
WARNING:Simulator - Unable to copy libPortabilityNOSH.dll to the simulation executable directory: boost::filesystem::copy_file: 系统找不到指定的路径。, "isim\mips_tb_isim_beh.exe.sim\libPortability.dll".
Compiled 13 Verilog Units
Built simulation executable C:/Users/Mujiangtao/Desktop/computer_science/singcircle/mips_tb_isim_beh.exe
Fuse Memory Usage: 29016 KB
Fuse CPU Usage: 749 ms
