ISim log file
Running: C:\Users\Mujiangtao\Desktop\computer_science\singcircle\mips_tb_isim_beh.exe -intstyle ise -gui -tclbatch isim.cmd -wdb C:/Users/Mujiangtao/Desktop/computer_science/singcircle/mips_tb_isim_beh.wdb 
ISim P.20131013 (signature 0x7708f090)
WARNING: A WEBPACK license was found.
WARNING: Please use Xilinx License Configuration Manager to check out a full ISim license.
WARNING: ISim will run in Lite mode. Please refer to the ISim documentation for more information on the differences between the Lite and the Full version.
This is a Lite version of ISim.
Time resolution is 1 ps
# onerror resume
# wave add /
# run 1000 ns
Simulator is doing circuit initialization process.
Finished circuit initialization process.
@00003000: $ 8 <= 00001234
@00003004: $ 9 <= 00000100
@0000300c: $16 <= 00001334
@00003010: $17 <= 00002568
@00003014: $18 <= 00001234
@00003018: $18 <= 00001134
@0000301c: $19 <= 12340000
@00003020: $17 <= 10100000
@00003028: *00001238 <= 12340000
@0000302c: *00000100 <= 10100000
@00003030: $11 <= 00001234
@00003034: $12 <= 00000002
@00003038: $13 <= 00000001
@0000304c: $11 <= 00001235
@00003054: $11 <= 00001236
@00003058: $ 4 <= 12340000
@0000305c: $ 5 <= 10100000
@00003060: $31 <= 00003064
@0000306c: $ 2 <= 22440000
@00003064: $ 9 <= 22440000
